<?xml version="1.0" encoding="UTF-8"?>
<testng-results ignored="0" total="1" passed="1" failed="0" skipped="0">
  <reporter-output>
  </reporter-output>
  <suite started-at="2025-07-24T11:45:19 IST" name="Default suite" finished-at="2025-07-24T11:45:34 IST" duration-ms="15062">
    <groups>
    </groups>
    <test started-at="2025-07-24T11:45:19 IST" name="Default test" finished-at="2025-07-24T11:45:34 IST" duration-ms="15062">
      <class name="com.testSuite.login">
        <test-method is-config="true" signature="setUp()[pri:0, instance:com.testSuite.login@389c4eb1]" started-at="2025-07-24T11:45:19 IST" name="setUp" finished-at="2025-07-24T11:45:32 IST" duration-ms="13452" status="PASS">
          <reporter-output>
          </reporter-output>
        </test-method> <!-- setUp -->
        <test-method signature="logintest()[pri:0, instance:com.testSuite.login@389c4eb1]" started-at="2025-07-24T11:45:33 IST" name="logintest" finished-at="2025-07-24T11:45:33 IST" duration-ms="805" status="PASS">
          <reporter-output>
          </reporter-output>
        </test-method> <!-- logintest -->
        <test-method is-config="true" signature="QuitDriver()[pri:0, instance:com.testSuite.login@389c4eb1]" started-at="2025-07-24T11:45:33 IST" name="QuitDriver" finished-at="2025-07-24T11:45:34 IST" duration-ms="409" status="PASS">
          <reporter-output>
          </reporter-output>
        </test-method> <!-- QuitDriver -->
      </class> <!-- com.testSuite.login -->
    </test> <!-- Default test -->
  </suite> <!-- Default suite -->
</testng-results>
